<?xml version="1.0" encoding="UTF-8"?>
<testsuite xmlns:xsi="http://www.w3.org/2001/XMLSchema-instance" xsi:noNamespaceSchemaLocation="https://maven.apache.org/surefire/maven-surefire-plugin/xsd/surefire-test-report-3.0.xsd" version="3.0" name="com.midnight.config.server.MidnightConfigServerApplicationTests" time="4.138" tests="1" errors="0" skipped="0" failures="0">
  <properties>
    <property name="java.specification.version" value="17"/>
    <property name="sun.cpu.isalist" value="amd64"/>
    <property name="sun.jnu.encoding" value="GBK"/>
    <property name="java.class.path" value="D:\course\midnight-config\midnight-config-server\target\test-classes;D:\course\midnight-config\midnight-config-server\target\classes;D:\maven\repository\org\springframework\boot\spring-boot-starter-web\3.2.4\spring-boot-starter-web-3.2.4.jar;D:\maven\repository\org\springframework\boot\spring-boot-starter\3.2.4\spring-boot-starter-3.2.4.jar;D:\maven\repository\org\springframework\boot\spring-boot\3.2.4\spring-boot-3.2.4.jar;D:\maven\repository\org\springframework\boot\spring-boot-autoconfigure\3.2.4\spring-boot-autoconfigure-3.2.4.jar;D:\maven\repository\org\springframework\boot\spring-boot-starter-logging\3.2.4\spring-boot-starter-logging-3.2.4.jar;D:\maven\repository\ch\qos\logback\logback-classic\1.4.14\logback-classic-1.4.14.jar;D:\maven\repository\ch\qos\logback\logback-core\1.4.14\logback-core-1.4.14.jar;D:\maven\repository\org\apache\logging\log4j\log4j-to-slf4j\2.21.1\log4j-to-slf4j-2.21.1.jar;D:\maven\repository\org\apache\logging\log4j\log4j-api\2.21.1\log4j-api-2.21.1.jar;D:\maven\repository\org\slf4j\jul-to-slf4j\2.0.12\jul-to-slf4j-2.0.12.jar;D:\maven\repository\jakarta\annotation\jakarta.annotation-api\2.1.1\jakarta.annotation-api-2.1.1.jar;D:\maven\repository\org\yaml\snakeyaml\2.2\snakeyaml-2.2.jar;D:\maven\repository\org\springframework\boot\spring-boot-starter-json\3.2.4\spring-boot-starter-json-3.2.4.jar;D:\maven\repository\com\fasterxml\jackson\core\jackson-databind\2.15.4\jackson-databind-2.15.4.jar;D:\maven\repository\com\fasterxml\jackson\core\jackson-annotations\2.15.4\jackson-annotations-2.15.4.jar;D:\maven\repository\com\fasterxml\jackson\core\jackson-core\2.15.4\jackson-core-2.15.4.jar;D:\maven\repository\com\fasterxml\jackson\datatype\jackson-datatype-jdk8\2.15.4\jackson-datatype-jdk8-2.15.4.jar;D:\maven\repository\com\fasterxml\jackson\datatype\jackson-datatype-jsr310\2.15.4\jackson-datatype-jsr310-2.15.4.jar;D:\maven\repository\com\fasterxml\jackson\module\jackson-module-parameter-names\2.15.4\jackson-module-parameter-names-2.15.4.jar;D:\maven\repository\org\springframework\boot\spring-boot-starter-tomcat\3.2.4\spring-boot-starter-tomcat-3.2.4.jar;D:\maven\repository\org\apache\tomcat\embed\tomcat-embed-core\10.1.19\tomcat-embed-core-10.1.19.jar;D:\maven\repository\org\apache\tomcat\embed\tomcat-embed-el\10.1.19\tomcat-embed-el-10.1.19.jar;D:\maven\repository\org\apache\tomcat\embed\tomcat-embed-websocket\10.1.19\tomcat-embed-websocket-10.1.19.jar;D:\maven\repository\org\springframework\spring-web\6.1.5\spring-web-6.1.5.jar;D:\maven\repository\org\springframework\spring-beans\6.1.5\spring-beans-6.1.5.jar;D:\maven\repository\io\micrometer\micrometer-observation\1.12.4\micrometer-observation-1.12.4.jar;D:\maven\repository\io\micrometer\micrometer-commons\1.12.4\micrometer-commons-1.12.4.jar;D:\maven\repository\org\springframework\spring-webmvc\6.1.5\spring-webmvc-6.1.5.jar;D:\maven\repository\org\springframework\spring-aop\6.1.5\spring-aop-6.1.5.jar;D:\maven\repository\org\springframework\spring-context\6.1.5\spring-context-6.1.5.jar;D:\maven\repository\org\springframework\spring-expression\6.1.5\spring-expression-6.1.5.jar;D:\maven\repository\org\mybatis\spring\boot\mybatis-spring-boot-starter\3.0.3\mybatis-spring-boot-starter-3.0.3.jar;D:\maven\repository\org\springframework\boot\spring-boot-starter-jdbc\3.2.4\spring-boot-starter-jdbc-3.2.4.jar;D:\maven\repository\com\zaxxer\HikariCP\5.0.1\HikariCP-5.0.1.jar;D:\maven\repository\org\springframework\spring-jdbc\6.1.5\spring-jdbc-6.1.5.jar;D:\maven\repository\org\mybatis\spring\boot\mybatis-spring-boot-autoconfigure\3.0.3\mybatis-spring-boot-autoconfigure-3.0.3.jar;D:\maven\repository\org\mybatis\mybatis\3.5.14\mybatis-3.5.14.jar;D:\maven\repository\org\mybatis\mybatis-spring\3.0.3\mybatis-spring-3.0.3.jar;D:\maven\repository\com\alibaba\fastjson\1.2.83\fastjson-1.2.83.jar;D:\maven\repository\com\mysql\mysql-connector-j\8.0.32\mysql-connector-j-8.0.32.jar;D:\maven\repository\com\h2database\h2\2.2.224\h2-2.2.224.jar;D:\maven\repository\org\mybatis\spring\boot\mybatis-spring-boot-starter-test\3.0.3\mybatis-spring-boot-starter-test-3.0.3.jar;D:\maven\repository\org\mybatis\spring\boot\mybatis-spring-boot-test-autoconfigure\3.0.3\mybatis-spring-boot-test-autoconfigure-3.0.3.jar;D:\maven\repository\org\springframework\spring-tx\6.1.5\spring-tx-6.1.5.jar;D:\maven\repository\org\projectlombok\lombok\1.18.30\lombok-1.18.30.jar;D:\maven\repository\org\springframework\boot\spring-boot-starter-test\3.2.4\spring-boot-starter-test-3.2.4.jar;D:\maven\repository\org\springframework\boot\spring-boot-test\3.2.4\spring-boot-test-3.2.4.jar;D:\maven\repository\org\springframework\boot\spring-boot-test-autoconfigure\3.2.4\spring-boot-test-autoconfigure-3.2.4.jar;D:\maven\repository\com\jayway\jsonpath\json-path\2.9.0\json-path-2.9.0.jar;D:\maven\repository\org\slf4j\slf4j-api\2.0.12\slf4j-api-2.0.12.jar;D:\maven\repository\jakarta\xml\bind\jakarta.xml.bind-api\4.0.2\jakarta.xml.bind-api-4.0.2.jar;D:\maven\repository\jakarta\activation\jakarta.activation-api\2.1.3\jakarta.activation-api-2.1.3.jar;D:\maven\repository\net\minidev\json-smart\2.5.0\json-smart-2.5.0.jar;D:\maven\repository\net\minidev\accessors-smart\2.5.0\accessors-smart-2.5.0.jar;D:\maven\repository\org\ow2\asm\asm\9.3\asm-9.3.jar;D:\maven\repository\org\assertj\assertj-core\3.24.2\assertj-core-3.24.2.jar;D:\maven\repository\net\bytebuddy\byte-buddy\1.14.12\byte-buddy-1.14.12.jar;D:\maven\repository\org\awaitility\awaitility\4.2.0\awaitility-4.2.0.jar;D:\maven\repository\org\hamcrest\hamcrest\2.2\hamcrest-2.2.jar;D:\maven\repository\org\junit\jupiter\junit-jupiter\5.10.2\junit-jupiter-5.10.2.jar;D:\maven\repository\org\junit\jupiter\junit-jupiter-api\5.10.2\junit-jupiter-api-5.10.2.jar;D:\maven\repository\org\opentest4j\opentest4j\1.3.0\opentest4j-1.3.0.jar;D:\maven\repository\org\junit\platform\junit-platform-commons\1.10.2\junit-platform-commons-1.10.2.jar;D:\maven\repository\org\apiguardian\apiguardian-api\1.1.2\apiguardian-api-1.1.2.jar;D:\maven\repository\org\junit\jupiter\junit-jupiter-params\5.10.2\junit-jupiter-params-5.10.2.jar;D:\maven\repository\org\junit\jupiter\junit-jupiter-engine\5.10.2\junit-jupiter-engine-5.10.2.jar;D:\maven\repository\org\junit\platform\junit-platform-engine\1.10.2\junit-platform-engine-1.10.2.jar;D:\maven\repository\org\mockito\mockito-core\5.7.0\mockito-core-5.7.0.jar;D:\maven\repository\net\bytebuddy\byte-buddy-agent\1.14.12\byte-buddy-agent-1.14.12.jar;D:\maven\repository\org\objenesis\objenesis\3.3\objenesis-3.3.jar;D:\maven\repository\org\mockito\mockito-junit-jupiter\5.7.0\mockito-junit-jupiter-5.7.0.jar;D:\maven\repository\org\skyscreamer\jsonassert\1.5.1\jsonassert-1.5.1.jar;D:\maven\repository\com\vaadin\external\google\android-json\0.0.20131108.vaadin1\android-json-0.0.20131108.vaadin1.jar;D:\maven\repository\org\springframework\spring-core\6.1.5\spring-core-6.1.5.jar;D:\maven\repository\org\springframework\spring-jcl\6.1.5\spring-jcl-6.1.5.jar;D:\maven\repository\org\springframework\spring-test\6.1.5\spring-test-6.1.5.jar;D:\maven\repository\org\xmlunit\xmlunit-core\2.9.1\xmlunit-core-2.9.1.jar;"/>
    <property name="java.vm.vendor" value="Azul Systems, Inc."/>
    <property name="sun.arch.data.model" value="64"/>
    <property name="user.variant" value=""/>
    <property name="java.vendor.url" value="http://www.azul.com/"/>
    <property name="user.timezone" value="Asia/Shanghai"/>
    <property name="os.name" value="Windows 11"/>
    <property name="java.vm.specification.version" value="17"/>
    <property name="sun.java.launcher" value="SUN_STANDARD"/>
    <property name="user.country" value="CN"/>
    <property name="sun.boot.library.path" value="D:\Java\17\bin"/>
    <property name="sun.java.command" value="C:\Users\LL2104\AppData\Local\Temp\surefire11805839477313764067\surefirebooter-20240506210550147_3.jar C:\Users\LL2104\AppData\Local\Temp\surefire11805839477313764067 2024-05-06T21-05-50_010-jvmRun1 surefire-20240506210550147_1tmp surefire_0-20240506210550147_2tmp"/>
    <property name="jdk.debug" value="release"/>
    <property name="surefire.test.class.path" value="D:\course\midnight-config\midnight-config-server\target\test-classes;D:\course\midnight-config\midnight-config-server\target\classes;D:\maven\repository\org\springframework\boot\spring-boot-starter-web\3.2.4\spring-boot-starter-web-3.2.4.jar;D:\maven\repository\org\springframework\boot\spring-boot-starter\3.2.4\spring-boot-starter-3.2.4.jar;D:\maven\repository\org\springframework\boot\spring-boot\3.2.4\spring-boot-3.2.4.jar;D:\maven\repository\org\springframework\boot\spring-boot-autoconfigure\3.2.4\spring-boot-autoconfigure-3.2.4.jar;D:\maven\repository\org\springframework\boot\spring-boot-starter-logging\3.2.4\spring-boot-starter-logging-3.2.4.jar;D:\maven\repository\ch\qos\logback\logback-classic\1.4.14\logback-classic-1.4.14.jar;D:\maven\repository\ch\qos\logback\logback-core\1.4.14\logback-core-1.4.14.jar;D:\maven\repository\org\apache\logging\log4j\log4j-to-slf4j\2.21.1\log4j-to-slf4j-2.21.1.jar;D:\maven\repository\org\apache\logging\log4j\log4j-api\2.21.1\log4j-api-2.21.1.jar;D:\maven\repository\org\slf4j\jul-to-slf4j\2.0.12\jul-to-slf4j-2.0.12.jar;D:\maven\repository\jakarta\annotation\jakarta.annotation-api\2.1.1\jakarta.annotation-api-2.1.1.jar;D:\maven\repository\org\yaml\snakeyaml\2.2\snakeyaml-2.2.jar;D:\maven\repository\org\springframework\boot\spring-boot-starter-json\3.2.4\spring-boot-starter-json-3.2.4.jar;D:\maven\repository\com\fasterxml\jackson\core\jackson-databind\2.15.4\jackson-databind-2.15.4.jar;D:\maven\repository\com\fasterxml\jackson\core\jackson-annotations\2.15.4\jackson-annotations-2.15.4.jar;D:\maven\repository\com\fasterxml\jackson\core\jackson-core\2.15.4\jackson-core-2.15.4.jar;D:\maven\repository\com\fasterxml\jackson\datatype\jackson-datatype-jdk8\2.15.4\jackson-datatype-jdk8-2.15.4.jar;D:\maven\repository\com\fasterxml\jackson\datatype\jackson-datatype-jsr310\2.15.4\jackson-datatype-jsr310-2.15.4.jar;D:\maven\repository\com\fasterxml\jackson\module\jackson-module-parameter-names\2.15.4\jackson-module-parameter-names-2.15.4.jar;D:\maven\repository\org\springframework\boot\spring-boot-starter-tomcat\3.2.4\spring-boot-starter-tomcat-3.2.4.jar;D:\maven\repository\org\apache\tomcat\embed\tomcat-embed-core\10.1.19\tomcat-embed-core-10.1.19.jar;D:\maven\repository\org\apache\tomcat\embed\tomcat-embed-el\10.1.19\tomcat-embed-el-10.1.19.jar;D:\maven\repository\org\apache\tomcat\embed\tomcat-embed-websocket\10.1.19\tomcat-embed-websocket-10.1.19.jar;D:\maven\repository\org\springframework\spring-web\6.1.5\spring-web-6.1.5.jar;D:\maven\repository\org\springframework\spring-beans\6.1.5\spring-beans-6.1.5.jar;D:\maven\repository\io\micrometer\micrometer-observation\1.12.4\micrometer-observation-1.12.4.jar;D:\maven\repository\io\micrometer\micrometer-commons\1.12.4\micrometer-commons-1.12.4.jar;D:\maven\repository\org\springframework\spring-webmvc\6.1.5\spring-webmvc-6.1.5.jar;D:\maven\repository\org\springframework\spring-aop\6.1.5\spring-aop-6.1.5.jar;D:\maven\repository\org\springframework\spring-context\6.1.5\spring-context-6.1.5.jar;D:\maven\repository\org\springframework\spring-expression\6.1.5\spring-expression-6.1.5.jar;D:\maven\repository\org\mybatis\spring\boot\mybatis-spring-boot-starter\3.0.3\mybatis-spring-boot-starter-3.0.3.jar;D:\maven\repository\org\springframework\boot\spring-boot-starter-jdbc\3.2.4\spring-boot-starter-jdbc-3.2.4.jar;D:\maven\repository\com\zaxxer\HikariCP\5.0.1\HikariCP-5.0.1.jar;D:\maven\repository\org\springframework\spring-jdbc\6.1.5\spring-jdbc-6.1.5.jar;D:\maven\repository\org\mybatis\spring\boot\mybatis-spring-boot-autoconfigure\3.0.3\mybatis-spring-boot-autoconfigure-3.0.3.jar;D:\maven\repository\org\mybatis\mybatis\3.5.14\mybatis-3.5.14.jar;D:\maven\repository\org\mybatis\mybatis-spring\3.0.3\mybatis-spring-3.0.3.jar;D:\maven\repository\com\alibaba\fastjson\1.2.83\fastjson-1.2.83.jar;D:\maven\repository\com\mysql\mysql-connector-j\8.0.32\mysql-connector-j-8.0.32.jar;D:\maven\repository\com\h2database\h2\2.2.224\h2-2.2.224.jar;D:\maven\repository\org\mybatis\spring\boot\mybatis-spring-boot-starter-test\3.0.3\mybatis-spring-boot-starter-test-3.0.3.jar;D:\maven\repository\org\mybatis\spring\boot\mybatis-spring-boot-test-autoconfigure\3.0.3\mybatis-spring-boot-test-autoconfigure-3.0.3.jar;D:\maven\repository\org\springframework\spring-tx\6.1.5\spring-tx-6.1.5.jar;D:\maven\repository\org\projectlombok\lombok\1.18.30\lombok-1.18.30.jar;D:\maven\repository\org\springframework\boot\spring-boot-starter-test\3.2.4\spring-boot-starter-test-3.2.4.jar;D:\maven\repository\org\springframework\boot\spring-boot-test\3.2.4\spring-boot-test-3.2.4.jar;D:\maven\repository\org\springframework\boot\spring-boot-test-autoconfigure\3.2.4\spring-boot-test-autoconfigure-3.2.4.jar;D:\maven\repository\com\jayway\jsonpath\json-path\2.9.0\json-path-2.9.0.jar;D:\maven\repository\org\slf4j\slf4j-api\2.0.12\slf4j-api-2.0.12.jar;D:\maven\repository\jakarta\xml\bind\jakarta.xml.bind-api\4.0.2\jakarta.xml.bind-api-4.0.2.jar;D:\maven\repository\jakarta\activation\jakarta.activation-api\2.1.3\jakarta.activation-api-2.1.3.jar;D:\maven\repository\net\minidev\json-smart\2.5.0\json-smart-2.5.0.jar;D:\maven\repository\net\minidev\accessors-smart\2.5.0\accessors-smart-2.5.0.jar;D:\maven\repository\org\ow2\asm\asm\9.3\asm-9.3.jar;D:\maven\repository\org\assertj\assertj-core\3.24.2\assertj-core-3.24.2.jar;D:\maven\repository\net\bytebuddy\byte-buddy\1.14.12\byte-buddy-1.14.12.jar;D:\maven\repository\org\awaitility\awaitility\4.2.0\awaitility-4.2.0.jar;D:\maven\repository\org\hamcrest\hamcrest\2.2\hamcrest-2.2.jar;D:\maven\repository\org\junit\jupiter\junit-jupiter\5.10.2\junit-jupiter-5.10.2.jar;D:\maven\repository\org\junit\jupiter\junit-jupiter-api\5.10.2\junit-jupiter-api-5.10.2.jar;D:\maven\repository\org\opentest4j\opentest4j\1.3.0\opentest4j-1.3.0.jar;D:\maven\repository\org\junit\platform\junit-platform-commons\1.10.2\junit-platform-commons-1.10.2.jar;D:\maven\repository\org\apiguardian\apiguardian-api\1.1.2\apiguardian-api-1.1.2.jar;D:\maven\repository\org\junit\jupiter\junit-jupiter-params\5.10.2\junit-jupiter-params-5.10.2.jar;D:\maven\repository\org\junit\jupiter\junit-jupiter-engine\5.10.2\junit-jupiter-engine-5.10.2.jar;D:\maven\repository\org\junit\platform\junit-platform-engine\1.10.2\junit-platform-engine-1.10.2.jar;D:\maven\repository\org\mockito\mockito-core\5.7.0\mockito-core-5.7.0.jar;D:\maven\repository\net\bytebuddy\byte-buddy-agent\1.14.12\byte-buddy-agent-1.14.12.jar;D:\maven\repository\org\objenesis\objenesis\3.3\objenesis-3.3.jar;D:\maven\repository\org\mockito\mockito-junit-jupiter\5.7.0\mockito-junit-jupiter-5.7.0.jar;D:\maven\repository\org\skyscreamer\jsonassert\1.5.1\jsonassert-1.5.1.jar;D:\maven\repository\com\vaadin\external\google\android-json\0.0.20131108.vaadin1\android-json-0.0.20131108.vaadin1.jar;D:\maven\repository\org\springframework\spring-core\6.1.5\spring-core-6.1.5.jar;D:\maven\repository\org\springframework\spring-jcl\6.1.5\spring-jcl-6.1.5.jar;D:\maven\repository\org\springframework\spring-test\6.1.5\spring-test-6.1.5.jar;D:\maven\repository\org\xmlunit\xmlunit-core\2.9.1\xmlunit-core-2.9.1.jar;"/>
    <property name="sun.cpu.endian" value="little"/>
    <property name="user.home" value="C:\Users\LL2104"/>
    <property name="user.language" value="zh"/>
    <property name="java.specification.vendor" value="Oracle Corporation"/>
    <property name="java.version.date" value="2024-01-16"/>
    <property name="java.home" value="D:\Java\17"/>
    <property name="file.separator" value="\"/>
    <property name="basedir" value="D:\course\midnight-config\midnight-config-server"/>
    <property name="java.vm.compressedOopsMode" value="Zero based"/>
    <property name="line.separator" value="&#10;"/>
    <property name="java.vm.specification.vendor" value="Oracle Corporation"/>
    <property name="java.specification.name" value="Java Platform API Specification"/>
    <property name="FILE_LOG_CHARSET" value="GBK"/>
    <property name="java.awt.headless" value="true"/>
    <property name="surefire.real.class.path" value="C:\Users\LL2104\AppData\Local\Temp\surefire11805839477313764067\surefirebooter-20240506210550147_3.jar"/>
    <property name="user.script" value=""/>
    <property name="sun.management.compiler" value="HotSpot 64-Bit Tiered Compilers"/>
    <property name="java.runtime.version" value="17.0.10+7-LTS"/>
    <property name="user.name" value="LL2104"/>
    <property name="path.separator" value=";"/>
    <property name="os.version" value="10.0"/>
    <property name="java.runtime.name" value="OpenJDK Runtime Environment"/>
    <property name="file.encoding" value="GBK"/>
    <property name="java.vm.name" value="OpenJDK 64-Bit Server VM"/>
    <property name="java.vendor.version" value="Zulu17.48+15-CA"/>
    <property name="localRepository" value="D:\maven\repository"/>
    <property name="java.vendor.url.bug" value="http://www.azul.com/support/"/>
    <property name="java.io.tmpdir" value="C:\Users\LL2104\AppData\Local\Temp\"/>
    <property name="idea.version" value="2021.3.1"/>
    <property name="com.zaxxer.hikari.pool_number" value="1"/>
    <property name="java.version" value="17.0.10"/>
    <property name="user.dir" value="D:\course\midnight-config\midnight-config-server"/>
    <property name="os.arch" value="amd64"/>
    <property name="java.vm.specification.name" value="Java Virtual Machine Specification"/>
    <property name="PID" value="27816"/>
    <property name="sun.os.patch.level" value=""/>
    <property name="CONSOLE_LOG_CHARSET" value="GBK"/>
    <property name="native.encoding" value="GBK"/>
    <property name="java.library.path" value="D:\Java\17\bin;C:\WINDOWS\Sun\Java\bin;C:\WINDOWS\system32;C:\WINDOWS;C:\Program Files (x86)\Common Files\Oracle\Java\java8path;C:\Program Files (x86)\Common Files\Oracle\Java\javapath;D:\Program Files (x86)\VMware\VMware Workstation\bin\;C:\WINDOWS\system32;C:\WINDOWS;C:\WINDOWS\System32\Wbem;C:\WINDOWS\System32\WindowsPowerShell\v1.0\;C:\WINDOWS\System32\OpenSSH\;D:\Java\jdk1.8.0_311\bin;d:\Program Files\Git\cmd;D:\maven\apache-maven-3.6.3\bin;D:\Program Files\nodejs\;D:\Program Files (x86)\Yarn\bin\;C:\Program Files\Docker\Docker\resources\bin;C:\Program Files\dotnet\;D:\dev_util\apache-zookeeper-3.8.4-bin\bin;D:\dev_util\apache-zookeeper-3.8.4-bin\conf;C:\Users\LL2104\AppData\Local\Microsoft\WindowsApps;C:\Users\LL2104\AppData\Roaming\npm;C:\Users\LL2104\AppData\Local\Yarn\bin;;."/>
    <property name="java.vm.info" value="mixed mode, sharing"/>
    <property name="java.vendor" value="Azul Systems, Inc."/>
    <property name="java.vm.version" value="17.0.10+7-LTS"/>
    <property name="sun.io.unicode.encoding" value="UnicodeLittle"/>
    <property name="maven.repo.local" value="D:\maven\repository"/>
    <property name="java.class.version" value="61.0"/>
    <property name="LOGGED_APPLICATION_NAME" value="[midnight-config-server] "/>
  </properties>
  <testcase name="contextLoads" classname="com.midnight.config.server.MidnightConfigServerApplicationTests" time="1.06">
    <system-out><![CDATA[21:05:51.047 [main] INFO org.springframework.test.context.support.AnnotationConfigContextLoaderUtils -- Could not detect default configuration classes for test class [com.midnight.config.server.MidnightConfigServerApplicationTests]: MidnightConfigServerApplicationTests does not declare any static, non-private, non-final, nested classes annotated with @Configuration.
21:05:51.187 [main] INFO org.springframework.boot.test.context.SpringBootTestContextBootstrapper -- Found @SpringBootConfiguration com.midnight.config.server.MidnightConfigServerApplication for test class com.midnight.config.server.MidnightConfigServerApplicationTests

  .   ____          _            __ _ _
 /\\ / ___'_ __ _ _(_)_ __  __ _ \ \ \ \
( ( )\___ | '_ | '_| | '_ \/ _` | \ \ \ \
 \\/  ___)| |_)| | | | | || (_| |  ) ) ) )
  '  |____| .__|_| |_|_| |_\__, | / / / /
 =========|_|==============|___/=/_/_/_/
 :: Spring Boot ::                (v3.2.4)

2024-05-06T21:05:51.731+08:00  INFO 27816 --- [midnight-config-server] [           main] c.s.MidnightConfigServerApplicationTests : Starting MidnightConfigServerApplicationTests using Java 17.0.10 with PID 27816 (started by LL2104 in D:\course\midnight-config\midnight-config-server)
2024-05-06T21:05:51.733+08:00  INFO 27816 --- [midnight-config-server] [           main] c.s.MidnightConfigServerApplicationTests : No active profile set, falling back to 1 default profile: "default"
2024-05-06T21:05:52.837+08:00  INFO 27816 --- [midnight-config-server] [           main] com.zaxxer.hikari.HikariDataSource       : HikariPool-1 - Starting...
2024-05-06T21:05:53.141+08:00  INFO 27816 --- [midnight-config-server] [           main] com.zaxxer.hikari.pool.HikariPool        : HikariPool-1 - Added connection conn0: url=jdbc:h2:file:./h2db user=ROOT
2024-05-06T21:05:53.142+08:00  INFO 27816 --- [midnight-config-server] [           main] com.zaxxer.hikari.HikariDataSource       : HikariPool-1 - Start completed.
Logging initialized using 'class org.apache.ibatis.logging.stdout.StdOutImpl' adapter.
2024-05-06T21:05:53.844+08:00  INFO 27816 --- [midnight-config-server] [           main] o.s.b.a.h2.H2ConsoleAutoConfiguration    : H2 console available at '/h2'. Database available at 'jdbc:h2:file:./h2db'
2024-05-06T21:05:53.919+08:00  INFO 27816 --- [midnight-config-server] [           main] c.s.MidnightConfigServerApplicationTests : Started MidnightConfigServerApplicationTests in 2.508 seconds (process running for 3.652)
]]></system-out>
  </testcase>
</testsuite>